2017-12-04 09:52:16,782 : INFO: Start Time: 2017-12-04 09:52:16.782819
2017-12-04 09:52:16,938 : INFO: loaded corpus index from ../data/corpus.mm.index
2017-12-04 09:52:16,938 : INFO: initializing corpus reader from ../data/corpus.mm
2017-12-04 09:52:16,939 : INFO: accepted corpus with 10010 documents, 30806 features, 105442 non-zero entries
2017-12-04 09:52:16,953 : INFO: using serial LDA version on this node
2017-12-04 09:53:31,401 : INFO: running online (single-pass) LDA training, 400 topics, 1 passes over the supplied corpus of 10010 documents, updating model once every 2000 documents, evaluating perplexity every 10010 documents, iterating 400x with a convergence threshold of 0.001000
2017-12-04 09:53:31,401 : WARNING: too few updates, training might not converge; consider increasing the number of passes or iterations to improve accuracy
2017-12-04 09:53:31,541 : INFO: PROGRESS: pass 0, at document #2000/10010
2017-12-04 09:53:41,546 : INFO: merging changes from 2000 documents into a model of 10010 documents
2017-12-04 09:53:44,381 : INFO: topic #52 (0.125): 0.023*"不等式" + 0.023*"富婆" + 0.022*"修养" + 0.022*"保姆" + 0.017*"范冰冰" + 0.015*"教育" + 0.015*"初中数学" + 0.015*"应用题" + 0.015*"信息" + 0.015*"万"
2017-12-04 09:53:44,391 : INFO: topic #38 (0.125): 0.032*"电影" + 0.021*"干啥" + 0.021*"热血" + 0.021*"劲儿" + 0.021*"空战" + 0.021*"心情" + 0.020*"工程款" + 0.015*"梦游症" + 0.013*"素人" + 0.011*"嫌弃"
2017-12-04 09:53:44,391 : INFO: topic #208 (0.125): 0.030*"野猪" + 0.018*"小猪佩奇" + 0.018*"悬挂" + 0.018*"花豹" + 0.012*"老婆" + 0.012*"竟然" + 0.012*"lv" + 0.012*"老公" + 0.012*"六个" + 0.012*"想要"
2017-12-04 09:53:44,391 : INFO: topic #201 (0.125): 0.024*"违章" + 0.024*"砍伤" + 0.020*"分红" + 0.016*"交警" + 0.016*"外卖小哥" + 0.016*"被抓" + 0.016*"摩托车" + 0.016*"烧毁" + 0.016*"老妹儿" + 0.016*"劫财"
2017-12-04 09:53:44,391 : INFO: topic #304 (0.125): 0.017*"新年" + 0.017*"爱的战士" + 0.017*"热血无赖" + 0.012*"如意" + 0.012*"健康" + 0.011*"上帝的宠儿" + 0.011*"两只" + 0.011*"不可思议" + 0.011*"企鹅" + 0.011*"表演"
2017-12-04 09:53:44,481 : INFO: topic diff=94.429581, rho=1.000000
2017-12-04 09:53:44,581 : INFO: PROGRESS: pass 0, at document #4000/10010
2017-12-04 09:53:52,723 : INFO: merging changes from 2000 documents into a model of 10010 documents
2017-12-04 09:53:55,558 : INFO: topic #373 (0.125): 0.066*"发生" + 0.049*"事件" + 0.034*"一名" + 0.024*"枪杀" + 0.007*"毒贩" + 0.007*"焚尸" + 0.007*"表兄弟" + 0.006*"疑似" + 0.006*"预知" + 0.006*"bigbang"
2017-12-04 09:53:55,558 : INFO: topic #10 (0.125): 0.053*"变形" + 0.038*"玩具" + 0.035*"机器人" + 0.031*"召唤" + 0.028*"星座" + 0.027*"拆箱" + 0.023*"飞行器" + 0.023*"斗龙战士" + 0.018*"变形金刚" + 0.018*"工作"
2017-12-04 09:53:55,558 : INFO: topic #348 (0.125): 0.057*"美国" + 0.047*"暴力" + 0.028*"速度" + 0.021*"交警" + 0.014*"集锦" + 0.014*"降低" + 0.012*"高速路" + 0.012*"出品" + 0.009*"发动机" + 0.008*"蛇行"
2017-12-04 09:53:55,558 : INFO: topic #310 (0.125): 0.037*"感情" + 0.034*"感受" + 0.031*"云南" + 0.026*"跟着" + 0.026*"村庄" + 0.026*"带来" + 0.025*"工具" + 0.024*"谋杀" + 0.015*"身份" + 0.012*"战争"
2017-12-04 09:53:55,558 : INFO: topic #153 (0.125): 0.038*"儿歌" + 0.038*"婴儿" + 0.031*"杨洋" + 0.018*"girl" + 0.018*"寻找" + 0.017*"学习" + 0.016*"殷采倩" + 0.016*"小红帽" + 0.015*"师兄" + 0.013*"动力"
2017-12-04 09:53:55,638 : INFO: topic diff=1.955768, rho=0.707107
2017-12-04 09:53:55,758 : INFO: PROGRESS: pass 0, at document #6000/10010
2017-12-04 09:54:03,232 : INFO: merging changes from 2000 documents into a model of 10010 documents
2017-12-04 09:54:06,128 : INFO: topic #299 (0.125): 0.054*"困难" + 0.052*"魔方" + 0.048*"植物大战僵尸" + 0.027*"模式" + 0.027*"工作室" + 0.025*"面团" + 0.022*"面面" + 0.022*"天" + 0.019*"植物" + 0.015*"十大"
2017-12-04 09:54:06,128 : INFO: topic #211 (0.125): 0.047*"福利" + 0.042*"深夜" + 0.022*"一颗" + 0.020*"两天" + 0.020*"上天" + 0.019*"三位" + 0.017*"唐僧" + 0.016*"搞笑" + 0.014*"老板娘" + 0.012*"下属"
2017-12-04 09:54:06,128 : INFO: topic #345 (0.125): 0.093*"怀孕" + 0.037*"一句" + 0.036*"肚子" + 0.019*"原配" + 0.016*"传闻" + 0.015*"应采儿" + 0.010*"黄渤" + 0.010*"老公" + 0.010*"禽兽" + 0.009*"发现"
2017-12-04 09:54:06,128 : INFO: topic #152 (0.125): 0.031*"升级" + 0.028*"感动" + 0.016*"逗趣" + 0.015*"大帝" + 0.014*"篇" + 0.013*"炎黄" + 0.012*"特效" + 0.008*"关注" + 0.008*"一毛钱" + 0.007*"更多"
2017-12-04 09:54:06,128 : INFO: topic #148 (0.125): 0.078*"解密" + 0.072*"冒险" + 0.035*"语言" + 0.016*"杀人" + 0.015*"我的世界" + 0.013*"老夫老妻" + 0.010*"村长" + 0.009*"lostcastle" + 0.009*"宋佳" + 0.008*"成考"
2017-12-04 09:54:06,208 : INFO: topic diff=1.601371, rho=0.577350
2017-12-04 09:54:06,278 : INFO: PROGRESS: pass 0, at document #8000/10010
2017-12-04 09:54:14,510 : INFO: merging changes from 2000 documents into a model of 10010 documents
2017-12-04 09:54:18,144 : INFO: topic #382 (0.125): 0.177*"生存" + 0.079*"我的世界" + 0.075*"minecraft" + 0.058*"war" + 0.020*"节" + 0.014*"工业" + 0.014*"第" + 0.009*"约定" + 0.009*"原本" + 0.009*"mc"
2017-12-04 09:54:18,145 : INFO: topic #6 (0.125): 0.183*"爆笑" + 0.037*"娃娃" + 0.023*"出没" + 0.017*"童星" + 0.015*"性感美女" + 0.013*"搞笑" + 0.013*"集锦" + 0.011*"极致" + 0.010*"儿童舞蹈" + 0.009*"火了"
2017-12-04 09:54:18,146 : INFO: topic #264 (0.125): 0.114*"经典" + 0.074*"爱情" + 0.030*"演唱" + 0.029*"王菲" + 0.014*"复出" + 0.014*"有限公司" + 0.011*"称为" + 0.011*"岁月" + 0.010*"大胆" + 0.010*"事业"
2017-12-04 09:54:18,147 : INFO: topic #229 (0.125): 0.121*"儿子" + 0.103*"爸爸" + 0.030*"fly" + 0.029*"vip" + 0.016*"打算" + 0.014*"倒车" + 0.014*"作业" + 0.010*"了点" + 0.010*"建设" + 0.007*"魔兽争霸"
2017-12-04 09:54:18,148 : INFO: topic #278 (0.125): 0.050*"喜剧" + 0.048*"香港" + 0.036*"托马斯" + 0.027*"版本" + 0.027*"巫师" + 0.025*"小火车" + 0.024*"托马斯和他的朋友们" + 0.022*"原版" + 0.018*"dlc" + 0.016*"崛起"
2017-12-04 09:54:18,239 : INFO: topic diff=0.924583, rho=0.500000
2017-12-04 09:54:18,347 : INFO: PROGRESS: pass 0, at document #10000/10010
2017-12-04 09:54:26,304 : INFO: merging changes from 2000 documents into a model of 10010 documents
2017-12-04 09:54:29,381 : INFO: topic #68 (0.125): 0.066*"小学生" + 0.061*"高清版" + 0.033*"恐怖片" + 0.026*"金刚" + 0.022*"自杀" + 0.021*"正面" + 0.018*"广东" + 0.017*"电影解说" + 0.016*"见到" + 0.014*"听说"
2017-12-04 09:54:29,382 : INFO: topic #31 (0.125): 0.035*"地狱" + 0.023*"看我" + 0.023*"高大" + 0.022*"更换" + 0.015*"战斗机" + 0.011*"超能力" + 0.010*"要用" + 0.008*"攻击" + 0.007*"星巴克" + 0.007*"清华"
2017-12-04 09:54:29,383 : INFO: topic #139 (0.125): 0.048*"护士" + 0.035*"bb" + 0.020*"圣诞老人" + 0.016*"几次" + 0.013*"同情" + 0.012*"一斤二两" + 0.012*"公安" + 0.011*"不大" + 0.010*"急诊" + 0.010*"男子"
2017-12-04 09:54:29,384 : INFO: topic #336 (0.125): 0.031*"暗黑" + 0.022*"打开" + 0.022*"千年" + 0.021*"鬼子" + 0.018*"假扮" + 0.018*"一声" + 0.017*"再现" + 0.017*"猫猫" + 0.015*"从此" + 0.013*"淘汰"
2017-12-04 09:54:29,384 : INFO: topic #62 (0.125): 0.255*"粉丝" + 0.039*"快乐大本营" + 0.034*"打造" + 0.028*"种" + 0.026*"谢娜" + 0.026*"熊熊乐园" + 0.021*"yy" + 0.014*"直言" + 0.014*"羡慕" + 0.011*"娜就这么说"
2017-12-04 09:54:29,467 : INFO: topic diff=0.702894, rho=0.447214
2017-12-04 09:54:31,728 : INFO: -30.842 per-word bound, 1924742552.1 perplexity estimate based on a held-out corpus of 10 documents with 128 words
2017-12-04 09:54:31,729 : INFO: PROGRESS: pass 0, at document #10010/10010
2017-12-04 09:54:32,048 : INFO: merging changes from 10 documents into a model of 10010 documents
2017-12-04 09:54:35,149 : INFO: topic #390 (0.125): 0.379*"一家" + 0.205*"四口" + 0.205*"邓超孙" + 0.006*"王宝强" + 0.005*"豪宅" + 0.004*"暖心" + 0.004*"接受" + 0.004*"萌娃" + 0.003*"投资" + 0.003*"大快人心"
2017-12-04 09:54:35,149 : INFO: topic #83 (0.125): 0.076*"科普" + 0.052*"照片" + 0.046*"房间" + 0.026*"李易峰" + 0.024*"之旅" + 0.017*"小白" + 0.007*"咖喱" + 0.006*"一幕" + 0.006*"新手" + 0.003*"让人"
2017-12-04 09:54:35,149 : INFO: topic #366 (0.125): 0.074*"观众" + 0.048*"舞台" + 0.015*"小宝" + 0.012*"全场" + 0.011*"逗乐" + 0.011*"都想" + 0.009*"赶快" + 0.009*"来个" + 0.008*"相亲" + 0.006*"一杯"
2017-12-04 09:54:35,149 : INFO: topic #53 (0.125): 0.071*"益智游戏" + 0.038*"熊出没" + 0.024*"恶作剧" + 0.022*"二人" + 0.014*"水果" + 0.011*"恩爱" + 0.011*"乐翻天" + 0.010*"大农场" + 0.008*"农药" + 0.007*"偷吃"
2017-12-04 09:54:35,149 : INFO: topic #87 (0.125): 0.030*"宋仲基" + 0.025*"幼儿园" + 0.020*"太阳的后裔" + 0.017*"塑形" + 0.016*"宋慧乔" + 0.012*"掏出" + 0.010*"被曝" + 0.010*"瑜伽" + 0.008*"秘诀" + 0.006*"安全带"
2017-12-04 09:54:35,210 : INFO: topic diff=0.541895, rho=0.408248
2017-12-04 09:54:35,229 : INFO: saving LdaState object under ../model/video.lda.model.state, separately None
2017-12-04 09:54:35,230 : INFO: storing np array 'sstats' to ../model/video.lda.model.state.sstats.npy
2017-12-04 09:54:36,180 : INFO: saved ../model/video.lda.model.state
2017-12-04 09:54:36,206 : INFO: saving LdaModel object under ../model/video.lda.model, separately ['expElogbeta', 'sstats']
2017-12-04 09:54:36,206 : INFO: storing np array 'expElogbeta' to ../model/video.lda.model.expElogbeta.npy
2017-12-04 09:54:37,121 : INFO: not storing attribute state
2017-12-04 09:54:37,122 : INFO: not storing attribute dispatcher
2017-12-04 09:54:37,122 : INFO: not storing attribute id2word
2017-12-04 09:54:37,126 : INFO: saved ../model/video.lda.model
2017-12-04 09:54:37,642 : INFO: End of Train time:2017-12-04 09:54:37.642143

2017-12-04 09:54:37,644 : INFO: Train time token0:02:20.859324

